0 info it worked if it ends with ok
1 verbose cli [ '/usr/bin/node', '/usr/bin/npm', 'install', '-g', 'protactor' ]
2 info using npm@1.4.28
3 info using node@v0.10.38
4 verbose node symlink /usr/bin/node
5 verbose cache add [ 'protactor', null ]
6 verbose cache add name=undefined spec="protactor" args=["protactor",null]
7 verbose parsed url { protocol: null,
7 verbose parsed url   slashes: null,
7 verbose parsed url   auth: null,
7 verbose parsed url   host: null,
7 verbose parsed url   port: null,
7 verbose parsed url   hostname: null,
7 verbose parsed url   hash: null,
7 verbose parsed url   search: null,
7 verbose parsed url   query: null,
7 verbose parsed url   pathname: 'protactor',
7 verbose parsed url   path: 'protactor',
7 verbose parsed url   href: 'protactor' }
8 silly lockFile 1d013738-protactor protactor
9 verbose lock protactor /home/danielqa/.npm/1d013738-protactor.lock
10 silly lockFile 1d013738-protactor protactor
11 silly lockFile 1d013738-protactor protactor
12 verbose addNamed [ 'protactor', '' ]
13 verbose addNamed [ null, '*' ]
14 silly lockFile 5d2a38f9-protactor protactor@
15 verbose lock protactor@ /home/danielqa/.npm/5d2a38f9-protactor.lock
16 silly addNameRange { name: 'protactor', range: '*', hasData: false }
17 verbose request where is /protactor
18 verbose request registry https://registry.npmjs.org/
19 verbose request id b2fd54d1582986c8
20 verbose url raw /protactor
21 verbose url resolving [ 'https://registry.npmjs.org/', './protactor' ]
22 verbose url resolved https://registry.npmjs.org/protactor
23 verbose request where is https://registry.npmjs.org/protactor
24 info trying registry request attempt 1 at 18:12:32
25 http GET https://registry.npmjs.org/protactor
26 http 404 https://registry.npmjs.org/protactor
27 verbose headers { server: 'CouchDB/1.5.0 (Erlang OTP/R16B03)',
27 verbose headers   'content-type': 'application/json',
27 verbose headers   'cache-control': 'max-age=0',
27 verbose headers   'content-length': '51',
27 verbose headers   'accept-ranges': 'bytes',
27 verbose headers   date: 'Fri, 29 May 2015 21:12:32 GMT',
27 verbose headers   via: '1.1 varnish',
27 verbose headers   age: '0',
27 verbose headers   connection: 'keep-alive',
27 verbose headers   'x-served-by': 'cache-atl6221-ATL',
27 verbose headers   'x-cache': 'MISS',
27 verbose headers   'x-cache-hits': '0',
27 verbose headers   'x-timer': 'S1432933952.813146,VS0,VE30' }
28 silly registry.get cb [ 404,
28 silly registry.get   { server: 'CouchDB/1.5.0 (Erlang OTP/R16B03)',
28 silly registry.get     'content-type': 'application/json',
28 silly registry.get     'cache-control': 'max-age=0',
28 silly registry.get     'content-length': '51',
28 silly registry.get     'accept-ranges': 'bytes',
28 silly registry.get     date: 'Fri, 29 May 2015 21:12:32 GMT',
28 silly registry.get     via: '1.1 varnish',
28 silly registry.get     age: '0',
28 silly registry.get     connection: 'keep-alive',
28 silly registry.get     'x-served-by': 'cache-atl6221-ATL',
28 silly registry.get     'x-cache': 'MISS',
28 silly registry.get     'x-cache-hits': '0',
28 silly registry.get     'x-timer': 'S1432933952.813146,VS0,VE30' } ]
29 silly lockFile 5d2a38f9-protactor protactor@
30 silly lockFile 5d2a38f9-protactor protactor@
31 error 404 404 Not Found: protactor
31 error 404
31 error 404 'protactor' is not in the npm registry.
31 error 404 You should bug the author to publish it
31 error 404
31 error 404 Note that you can also install from a
31 error 404 tarball, folder, or http url, or git url.
32 error System Linux 3.19.0-18-generic
33 error command "/usr/bin/node" "/usr/bin/npm" "install" "-g" "protactor"
34 error cwd /home/danielqa/nodejs/contatooh
35 error node -v v0.10.38
36 error npm -v 1.4.28
37 error code E404
38 verbose exit [ 1, true ]
